IQ-TREE multicore version 2.1.1 COVID-edition for Linux 64-bit built Aug 22 2020
Developed by Bui Quang Minh, James Barbetti, Nguyen Lam Tung,
Olga Chernomor, Heiko Schmidt, Dominik Schrempf, Michael Woodhams.

Host:    ip-172-31-78-100.ec2.internal (AVX2, FMA3, 3 GB RAM)
Command: iqtree -s NewFormat.XP_032222764.1.blastp.detail.filtered.aligned.fas -z NewFormat.XP_032222764.1.blastp.detail.filtered.aligned.fas.alternativetrees -au -zb 10000 --prefix MyGene_altTrees -m LG+F+R5 -nt 2 -te NewFormat.XP_032222764.1.blastp.detail.filtered.aligned.fas.ufboot.treefile
Seed:    752186 (Using SPRNG - Scalable Parallel Random Number Generator)
Time:    Thu Oct 15 20:05:08 2020
Kernel:  AVX+FMA - 2 threads (2 CPU cores detected)

Reading alignment file NewFormat.XP_032222764.1.blastp.detail.filtered.aligned.fas ... Fasta format detected
Alignment most likely contains protein sequences
Alignment has 13 sequences with 13907 columns, 3219 distinct patterns
1405 parsimony-informative, 1769 singleton sites, 10733 constant sites
                                                              Gap/Ambiguity  Composition  p-value
   1  Pocillopora_damicornis_Uncharacterized_protein_A0A3M6TW66      85.24%    failed      0.00%
   2  Strongylocentrotus_purpuratus_Uncharacterized_protein_W4Y9R3   83.99%    failed      0.00%
   3  Strongylocentrotus_purpuratus_Uncharacterized_protein_W4Y9R4   90.30%    failed      0.00%
   4  Strongylocentrotus_purpuratus_Uncharacterized_protein_W4Y9R5   95.25%    failed      0.00%
   5  Strongylocentrotus_purpuratus_Uncharacterized_protein_W4Y2F2   87.14%    failed      0.00%
   6  Nematostella_Vectensis_XP_032221280.1                           0.55%    failed      0.00%
   7  Strongylocentrotus_purpuratus_Uncharacterized_protein_W4Y9R6   93.43%    failed      0.00%
   8  Nematostella_Vectensis_XP_032222764.1                          79.61%    failed      0.00%
   9  Nematostella_Vectensis_XP_032222765.1                          80.17%    failed      0.00%
  10  Pocillopora_damicornis_Uncharacterized_protein_A0A3M6UTH0      97.63%    passed     45.61%
  11  Pocillopora_damicornis_Uncharacterized_protein_A0A3M6TWE4      79.99%    failed      0.00%
  12  Homo_sapiens_C-type_mannose_receptor_2_Q9UBG0                  89.37%    failed      0.00%
  13  Homo_sapiens_Macrophage_mannose_receptor_1_P22897              89.53%    failed      0.00%
WARNING: 12 sequences contain more than 50% gaps/ambiguity
****  TOTAL                                                          80.94%  12 sequences failed composition chi2 test (p-value<5%; df=19)
Reading input tree file NewFormat.XP_032222764.1.blastp.detail.filtered.aligned.fas.ufboot.treefile ...

NOTE: 32 MB RAM (0 GB) is required!
Estimate model parameters (epsilon = 0.010)
1. Initial log-likelihood: -87768.618
2. Current log-likelihood: -87459.724
3. Current log-likelihood: -87442.965
4. Current log-likelihood: -87442.303
5. Current log-likelihood: -87442.231
6. Current log-likelihood: -87442.216
Optimal log-likelihood: -87442.212
Site proportion and rates:  (0.176,0.249) (0.211,0.526) (0.216,0.807) (0.207,1.112) (0.189,2.330)
Parameters optimization took 6 rounds (3.267 sec)
BEST SCORE FOUND : -87442.212
Total tree length: 16.941

Total number of iterations: 0
CPU time used for tree search: 0.000 sec (0h:0m:0s)
Wall-clock time used for tree search: 0.000 sec (0h:0m:0s)
Total CPU time used: 6.551 sec (0h:0m:6s)
Total wall-clock time used: 3.287 sec (0h:0m:3s)

Reading trees in NewFormat.XP_032222764.1.blastp.detail.filtered.aligned.fas.alternativetrees ...
2 trees detected
Note: 123.125 MB of RAM required!
Creating 10000 bootstrap replicates...
done
Tree 1 / LogL: -87442.211
Tree 2 / LogL: -87442.211
Performing RELL-BP test...
Performing KH and SH test...
Performing ELW test...
Performing approximately unbiased (AU) test...
1 MB required for AU test
Generating 10 x 10000 multiscale bootstrap replicates... 5.548 seconds
TreeID	AU	RSS	d	c
1	0.490	4.195	0.002	-0.023
2	0.510	4.195	-0.002	0.023
Time for AU test: 5.548 seconds
Time for evaluating all trees: 8.487 sec.

Analysis results written to: 
  IQ-TREE report:                MyGene_altTrees.iqtree
  Maximum-likelihood tree:       MyGene_altTrees.treefile
  Evaluated user trees:          MyGene_altTrees.trees
  Screen log file:               MyGene_altTrees.log

Date and Time: Thu Oct 15 20:05:20 2020
