Nematostella_XP_032222764.1	100.000	2836	0	0	0.0	5901	N/A
Nematostella_XP_032222765.1	54.690	2761	1206	30	0.0	3058	N/A
A0A3M6TWE4|A0A3M6TWE4_9CNID	44.125	2817	1485	40	0.0	2407	Uncharacterized protein OS=Pocillopora damicornis OX=46731 GN=pdam_00010591 PE=4 SV=1
W4Y9R3|W4Y9R3_STRPU	30.120	1162	700	48	1.14e-124	443	Uncharacterized protein OS=Strongylocentrotus purpuratus (Purple sea urchin) OX=7668 GN=SPU_012476 PE=4 SV=1
W4Y2F2|W4Y2F2_STRPU	27.296	1154	677	39	1.33e-107	385	Uncharacterized protein OS=Strongylocentrotus purpuratus (Purple sea urchin) OX=7668 GN=SPU_009885 PE=4 SV=1
P22897|MRC1_HUMAN	30.905	906	546	31	2.69e-100	359	Macrophage mannose receptor 1 OS=Homo sapiens (Human) OX=9606 GN=MRC1 PE=1 SV=1
W4Y9R4|W4Y9R4_STRPU	27.156	1090	622	32	8.12e-89	322	Uncharacterized protein OS=Strongylocentrotus purpuratus (Purple sea urchin) OX=7668 GN=SPU_012477 PE=4 SV=1
W4Y9R5|W4Y9R5_STRPU	31.356	708	401	24	9.63e-81	283	Uncharacterized protein OS=Strongylocentrotus purpuratus (Purple sea urchin) OX=7668 GN=SPU_012478 PE=4 SV=1
Q9UBG0|MRC2_HUMAN	25.961	963	601	36	2.27e-76	284	C-type mannose receptor 2 OS=Homo sapiens (Human) OX=9606 GN=MRC2 PE=1 SV=2
W4Y9R6|W4Y9R6_STRPU	30.756	595	366	24	1.98e-74	271	Uncharacterized protein OS=Strongylocentrotus purpuratus (Purple sea urchin) OX=7668 GN=SPU_012479 PE=4 SV=1
Nematostella_XP_032221280.1	32.222	540	327	14	1.45e-71	271	N/A
A0A3M6UTH0|A0A3M6UTH0_9CNID	41.883	308	150	10	9.18e-67	231	Uncharacterized protein OS=Pocillopora damicornis OX=46731 GN=pdam_00016959 PE=4 SV=1
A0A3M6TW66|A0A3M6TW66_9CNID	34.249	473	277	14	5.74e-66	251	Uncharacterized protein OS=Pocillopora damicornis OX=46731 GN=pdam_00010603 PE=4 SV=1
A0A3M6TU97|A0A3M6TU97_9CNID	32.520	492	297	14	1.08e-64	247	Uncharacterized protein OS=Pocillopora damicornis OX=46731 GN=pdam_00017365 PE=4 SV=1
W4YQ09|W4YQ09_STRPU	26.123	846	481	29	1.30e-64	241	Uncharacterized protein OS=Strongylocentrotus purpuratus (Purple sea urchin) OX=7668 GN=SPU_017887 PE=4 SV=1
Nematostella_XP_032238058.1	30.814	516	302	15	1.45e-62	240	N/A
A0A3M6TRK1|A0A3M6TRK1_9CNID	32.909	471	288	12	6.23e-62	239	Uncharacterized protein OS=Pocillopora damicornis OX=46731 GN=pdam_00012968 PE=4 SV=1
A0A3M6UCW6|A0A3M6UCW6_9CNID	31.377	494	301	15	1.38e-61	238	Uncharacterized protein OS=Pocillopora damicornis OX=46731 GN=pdam_00010327 PE=4 SV=1
A0A3M6TDR6|A0A3M6TDR6_9CNID	30.957	491	310	11	1.66e-61	229	Uncharacterized protein OS=Pocillopora damicornis OX=46731 GN=pdam_00015590 PE=4 SV=1
Q13018|PLA2R_HUMAN	24.447	949	590	42	3.49e-61	235	Secretory phospholipase A2 receptor OS=Homo sapiens (Human) OX=9606 GN=PLA2R1 PE=1 SV=2
A0A3M6TW64|A0A3M6TW64_9CNID	31.287	505	307	16	5.13e-61	233	Uncharacterized protein OS=Pocillopora damicornis OX=46731 GN=pdam_00010605 PE=4 SV=1
W4Y2F3|W4Y2F3_STRPU	30.939	543	295	22	1.00e-59	218	Uncharacterized protein OS=Strongylocentrotus purpuratus (Purple sea urchin) OX=7668 GN=SPU_009886 PE=4 SV=1
A0A3M6TRP6|A0A3M6TRP6_9CNID	29.675	492	315	12	2.91e-58	226	Uncharacterized protein OS=Pocillopora damicornis OX=46731 GN=pdam_00012969 PE=4 SV=1
Nematostella_XP_032228932.1	30.917	469	306	12	6.67e-58	212	N/A
W4ZK20|W4ZK20_STRPU	26.275	765	440	33	1.66e-56	220	Uncharacterized protein OS=Strongylocentrotus purpuratus (Purple sea urchin) OX=7668 GN=SPU_028539 PE=4 SV=1
A0A3M6UIL5|A0A3M6UIL5_9CNID	32.207	444	267	16	3.70e-56	209	Uncharacterized protein OS=Pocillopora damicornis OX=46731 GN=pdam_00017072 PE=4 SV=1
W4YT01|W4YT01_STRPU	31.262	515	310	19	2.33e-55	211	Uncharacterized protein OS=Strongylocentrotus purpuratus (Purple sea urchin) OX=7668 GN=SPU_018940 PE=4 SV=1
A0A3M6UFS2|A0A3M6UFS2_9CNID	30.508	472	283	15	8.28e-55	215	Uncharacterized protein OS=Pocillopora damicornis OX=46731 GN=pdam_00013777 PE=4 SV=1
A0A3M6UN15|A0A3M6UN15_9CNID	30.061	489	316	17	2.59e-54	212	Uncharacterized protein OS=Pocillopora damicornis OX=46731 GN=pdam_00007257 PE=4 SV=1
Nematostella_XP_032239215.1	31.130	469	305	12	2.77e-54	212	N/A
A0A3M6V570|A0A3M6V570_9CNID	30.426	493	293	18	4.38e-54	203	Uncharacterized protein OS=Pocillopora damicornis OX=46731 GN=pdam_00007573 PE=4 SV=1
A0A3M6V513|A0A3M6V513_9CNID	29.225	503	322	14	1.77e-53	211	Uncharacterized protein OS=Pocillopora damicornis OX=46731 GN=pdam_00017406 PE=4 SV=1
A0A3M6V4Z5|A0A3M6V4Z5_9CNID	30.452	509	303	18	2.91e-53	210	Uncharacterized protein OS=Pocillopora damicornis OX=46731 GN=pdam_00007559 PE=3 SV=1
A0A3M6UDH3|A0A3M6UDH3_9CNID	32.215	447	260	12	1.00e-52	205	Uncharacterized protein OS=Pocillopora damicornis OX=46731 GN=pdam_00010330 PE=4 SV=1
W4ZA74|W4ZA74_STRPU	32.779	421	251	18	5.07e-52	194	Uncharacterized protein OS=Strongylocentrotus purpuratus (Purple sea urchin) OX=7668 GN=SPU_025051 PE=4 SV=1
A0A3M6V5A6|A0A3M6V5A6_9CNID	29.198	524	306	17	1.74e-51	204	Uncharacterized protein OS=Pocillopora damicornis OX=46731 GN=pdam_00007560 PE=3 SV=1
Nematostella_XP_032232071.1	30.223	493	314	15	2.57e-51	203	N/A
A0A3M6UMS9|A0A3M6UMS9_9CNID	30.291	515	312	17	3.71e-51	198	Uncharacterized protein OS=Pocillopora damicornis OX=46731 GN=pdam_00015076 PE=4 SV=1
A0A3M6UDB2|A0A3M6UDB2_9CNID	34.066	364	215	11	6.71e-51	195	Uncharacterized protein OS=Pocillopora damicornis OX=46731 GN=pdam_00010335 PE=4 SV=1
Nematostella_XP_032225625.1	31.466	464	296	12	1.62e-50	201	N/A
Nematostella_XP_032240781.1	29.701	468	311	11	3.64e-50	199	N/A
A0A3M6UMY0|A0A3M6UMY0_9CNID	29.424	486	314	14	4.91e-50	199	Uncharacterized protein OS=Pocillopora damicornis OX=46731 GN=pdam_00007250 PE=4 SV=1
W4XJN3|W4XJN3_STRPU	29.436	479	271	20	6.80e-50	188	Uncharacterized protein OS=Strongylocentrotus purpuratus (Purple sea urchin) OX=7668 GN=SPU_003610 PE=4 SV=1
Nematostella_XP_032219578.1	28.723	564	305	21	7.36e-50	192	N/A
A0A3M6TDA6|A0A3M6TDA6_9CNID	36.223	323	176	13	1.42e-49	186	Uncharacterized protein OS=Pocillopora damicornis OX=46731 GN=pdam_00005960 PE=4 SV=1
A0A3M6UFN0|A0A3M6UFN0_9CNID	30.567	494	299	15	2.72e-49	197	Uncharacterized protein OS=Pocillopora damicornis OX=46731 GN=pdam_00013779 PE=4 SV=1
Nematostella_XP_032228762.1	29.259	499	307	15	9.85e-49	194	N/A
A0A3M6TRN5|A0A3M6TRN5_9CNID	29.857	489	304	14	1.04e-48	195	Uncharacterized protein OS=Pocillopora damicornis OX=46731 GN=pdam_00012970 PE=4 SV=1
Nematostella_XP_032227696.1	28.629	496	303	15	1.33e-48	194	N/A
A0A3M6V546|A0A3M6V546_9CNID	29.025	472	296	13	2.42e-48	194	Uncharacterized protein OS=Pocillopora damicornis OX=46731 GN=pdam_00007575 PE=4 SV=1
W4Y0U8|W4Y0U8_STRPU	30.470	489	291	16	3.65e-48	186	Uncharacterized protein OS=Strongylocentrotus purpuratus (Purple sea urchin) OX=7668 GN=SPU_009321 PE=4 SV=1
Nematostella_XP_032218947.1	29.079	478	308	14	4.42e-48	193	N/A
Nematostella_XP_032229556.1	27.876	452	308	12	4.56e-48	183	N/A
A0A3M6U243|A0A3M6U243_9CNID	30.998	471	261	19	4.76e-48	192	Uncharacterized protein OS=Pocillopora damicornis OX=46731 GN=pdam_00012339 PE=3 SV=1
A0A3M6U291|A0A3M6U291_9CNID	30.932	472	266	20	1.01e-47	192	Uncharacterized protein OS=Pocillopora damicornis OX=46731 GN=pdam_00012341 PE=3 SV=1
Nematostella_XP_032227562.1	27.368	475	302	18	2.45e-47	191	N/A
O60449|LY75_HUMAN	27.375	621	375	27	7.06e-47	189	Lymphocyte antigen 75 OS=Homo sapiens (Human) OX=9606 GN=LY75 PE=1 SV=3
Nematostella_XP_001621709.1	28.480	467	275	16	7.53e-47	179	N/A
W4Y7U5|W4Y7U5_STRPU	29.287	519	318	16	1.35e-46	181	Uncharacterized protein OS=Strongylocentrotus purpuratus (Purple sea urchin) OX=7668 GN=SPU_011802 PE=4 SV=1
W4YVW1|W4YVW1_STRPU	29.814	483	287	17	2.03e-46	181	Uncharacterized protein OS=Strongylocentrotus purpuratus (Purple sea urchin) OX=7668 GN=SPU_019967 PE=4 SV=1
A0A3M6T4G0|A0A3M6T4G0_9CNID	30.689	479	292	15	3.10e-46	187	Uncharacterized protein OS=Pocillopora damicornis OX=46731 GN=pdam_00010209 PE=4 SV=1
Nematostella_XP_032241720.1	30.516	426	271	11	3.89e-46	181	N/A
W4Z4Y0|W4Z4Y0_STRPU	29.039	489	292	15	1.71e-45	178	Uncharacterized protein OS=Strongylocentrotus purpuratus (Purple sea urchin) OX=7668 GN=SPU_023184 PE=4 SV=1
Nematostella_XP_032238491.1	29.124	491	308	17	2.06e-45	184	N/A
A0A3M6UD44|A0A3M6UD44_9CNID	32.021	381	224	11	8.51e-45	175	Uncharacterized protein OS=Pocillopora damicornis OX=46731 GN=pdam_00010336 PE=4 SV=1
Nematostella_XP_032226856.1	29.551	423	278	14	2.94e-44	180	N/A
W4YUE5|W4YUE5_STRPU	28.630	489	296	15	3.69e-44	177	Uncharacterized protein OS=Strongylocentrotus purpuratus (Purple sea urchin) OX=7668 GN=SPU_019440 PE=4 SV=1
A0A3M6UGE3|A0A3M6UGE3_9CNID	33.117	308	178	6	3.74e-44	178	Uncharacterized protein OS=Pocillopora damicornis OX=46731 GN=pdam_00014218 PE=4 SV=1
A0A3M6TMI0|A0A3M6TMI0_9CNID	36.039	308	179	10	6.11e-44	178	Uncharacterized protein OS=Pocillopora damicornis OX=46731 GN=pdam_00016904 PE=3 SV=1
Nematostella_XP_032231505.1	29.202	476	296	13	1.23e-43	176	N/A
Nematostella_XP_032240682.1	28.452	478	327	10	2.96e-43	176	N/A
A0A3M6U2G1|A0A3M6U2G1_9CNID	33.427	356	215	13	5.30e-43	174	Uncharacterized protein OS=Pocillopora damicornis OX=46731 GN=pdam_00012353 PE=3 SV=1
Nematostella_XP_032226857.1	26.616	526	354	17	5.79e-43	175	N/A
Nematostella_XP_032219937.1	28.942	463	289	18	1.10e-42	174	N/A
Nematostella_XP_032225626.1	29.833	419	267	12	1.24e-42	165	N/A
Nematostella_XP_001628148.2	30.357	392	243	15	1.91e-42	163	N/A
Nematostella_XP_032226340.1	29.167	480	314	14	2.42e-42	174	N/A
W4ZAY2|W4ZAY2_STRPU	28.854	506	300	18	1.60e-41	166	Uncharacterized protein OS=Strongylocentrotus purpuratus (Purple sea urchin) OX=7668 GN=SPU_025310 PE=4 SV=1
Nematostella_XP_001635379.2	29.661	472	296	18	1.88e-41	168	N/A
Nematostella_XP_032219736.1	33.247	385	210	16	4.34e-41	160	N/A
Nematostella_XP_032241719.1	29.108	426	277	11	5.97e-41	167	N/A
Nematostella_XP_032233563.1	28.631	482	303	17	6.41e-41	166	N/A
A0A3M6UR97|A0A3M6UR97_9CNID	33.127	323	178	11	3.59e-40	161	Uncharacterized protein OS=Pocillopora damicornis OX=46731 GN=pdam_00024178 PE=4 SV=1
Nematostella_XP_032222043.1	27.912	498	309	18	1.01e-39	166	N/A
A0A3M6TXP2|A0A3M6TXP2_9CNID	30.923	401	230	15	2.87e-39	154	Uncharacterized protein OS=Pocillopora damicornis OX=46731 GN=pdam_00017704 PE=4 SV=1
Nematostella_XP_032224019.1	35.562	329	169	15	7.85e-39	152	N/A
W4YSC2|W4YSC2_STRPU	27.826	575	280	23	4.01e-38	160	Uncharacterized protein OS=Strongylocentrotus purpuratus (Purple sea urchin) OX=7668 GN=SPU_018709 PE=4 SV=1
Nematostella_XP_032239501.1	31.461	356	202	16	5.49e-38	159	N/A
Nematostella_XP_032229016.1	26.797	459	313	13	1.10e-37	158	N/A
W4XA95|W4XA95_STRPU	32.056	287	172	6	1.12e-37	146	Uncharacterized protein OS=Strongylocentrotus purpuratus (Purple sea urchin) OX=7668 GN=SPU_000289 PE=4 SV=1
Nematostella_XP_032239208.1	26.820	522	316	21	1.15e-37	156	N/A
W4XEE1|W4XEE1_STRPU	27.708	480	269	15	1.21e-37	152	Uncharacterized protein OS=Strongylocentrotus purpuratus (Purple sea urchin) OX=7668 GN=SPU_001754 PE=4 SV=1
A0A3M6UK13|A0A3M6UK13_9CNID	30.556	432	253	18	1.30e-37	158	Uncharacterized protein OS=Pocillopora damicornis OX=46731 GN=pdam_00013692 PE=4 SV=1
A0A3M6UL16|A0A3M6UL16_9CNID	33.333	327	195	10	2.50e-37	149	Uncharacterized protein OS=Pocillopora damicornis OX=46731 GN=pdam_00013167 PE=4 SV=1
Nematostella_XP_032230719.1	26.772	508	341	14	4.71e-37	156	N/A
A0A3M6UN09|A0A3M6UN09_9CNID	27.208	419	251	10	5.24e-37	151	Uncharacterized protein OS=Pocillopora damicornis OX=46731 GN=pdam_00007254 PE=4 SV=1
W4Y316|W4Y316_STRPU	26.459	514	315	15	7.25e-37	155	Uncharacterized protein OS=Strongylocentrotus purpuratus (Purple sea urchin) OX=7668 GN=SPU_010102 PE=4 SV=1
A0A3M6TEF2|A0A3M6TEF2_9CNID	33.333	321	176	16	1.34e-36	154	Uncharacterized protein OS=Pocillopora damicornis OX=46731 GN=pdam_00008058 PE=4 SV=1
Nematostella_XP_032241301.1	28.698	453	293	14	2.01e-36	152	N/A
Nematostella_XP_032223900.1	27.273	462	313	14	2.12e-36	149	N/A
Nematostella_XP_032228860.1	28.995	438	271	19	5.45e-36	150	N/A
Nematostella_XP_001636742.1	33.856	319	187	10	5.51e-36	149	N/A
Nematostella_XP_032240660.1	28.514	498	308	21	1.06e-35	148	N/A
Nematostella_XP_032223930.1	27.857	420	250	14	1.55e-35	143	N/A
W4XA96|W4XA96_STRPU	28.571	399	248	16	1.76e-35	142	Uncharacterized protein OS=Strongylocentrotus purpuratus (Purple sea urchin) OX=7668 GN=SPU_000290 PE=4 SV=1
Nematostella_XP_032239550.1	26.611	481	316	15	1.82e-35	149	N/A
W4YEL1|W4YEL1_STRPU	36.331	278	154	9	1.84e-35	140	Uncharacterized protein OS=Strongylocentrotus purpuratus (Purple sea urchin) OX=7668 GN=SPU_014192 PE=4 SV=1
P00451|FA8_HUMAN	31.429	315	195	9	2.22e-35	151	Coagulation factor VIII OS=Homo sapiens (Human) OX=9606 GN=F8 PE=1 SV=1
Nematostella_XP_032240681.1	27.033	492	307	21	8.76e-35	149	N/A
A0A3M6TDR9|A0A3M6TDR9_9CNID	28.043	460	308	18	1.32e-34	148	Uncharacterized protein OS=Pocillopora damicornis OX=46731 GN=pdam_00006111 PE=4 SV=1
A0A3M6U9L6|A0A3M6U9L6_9CNID	30.688	378	213	15	1.47e-34	148	Uncharacterized protein OS=Pocillopora damicornis OX=46731 GN=pdam_00017196 PE=4 SV=1
Nematostella_XP_032239523.1	32.698	315	193	8	1.64e-34	148	N/A
Nematostella_XP_001636997.2	28.668	443	274	18	3.14e-34	146	N/A
W4YVL3|W4YVL3_STRPU	26.573	572	289	19	3.45e-34	147	Uncharacterized protein OS=Strongylocentrotus purpuratus (Purple sea urchin) OX=7668 GN=SPU_019865 PE=4 SV=1
O43854|EDIL3_HUMAN	32.047	337	191	13	4.52e-34	140	EGF-like repeat and discoidin I-like domain-containing protein 3 OS=Homo sapiens (Human) OX=9606 GN=EDIL3 PE=1 SV=1
W4ZF96|W4ZF96_STRPU	30.220	364	218	11	6.17e-34	138	Uncharacterized protein OS=Strongylocentrotus purpuratus (Purple sea urchin) OX=7668 GN=SPU_026843 PE=4 SV=1
A0A3M6TUE8|A0A3M6TUE8_9CNID	33.439	314	176	14	7.87e-34	136	Uncharacterized protein OS=Pocillopora damicornis OX=46731 GN=pdam_00017371 PE=4 SV=1
W4XYB4|W4XYB4_STRPU	31.949	313	187	10	7.87e-34	136	Uncharacterized protein OS=Strongylocentrotus purpuratus (Purple sea urchin) OX=7668 GN=SPU_008430 PE=4 SV=1
A0A3M6UTN7|A0A3M6UTN7_9CNID	44.000	150	78	2	1.01e-33	132	C-type lectin domain-containing protein OS=Pocillopora damicornis OX=46731 GN=pdam_00016960 PE=4 SV=1
W4YCD8|W4YCD8_STRPU	31.420	331	192	11	1.33e-33	140	Uncharacterized protein OS=Strongylocentrotus purpuratus (Purple sea urchin) OX=7668 GN=SPU_013417 PE=4 SV=1
A0A3M6USE0|A0A3M6USE0_9CNID	32.456	342	194	13	1.74e-33	144	Uncharacterized protein OS=Pocillopora damicornis OX=46731 GN=pdam_00007200 PE=4 SV=1
A0A3M6U2E2|A0A3M6U2E2_9CNID	31.908	304	168	10	2.57e-33	134	Uncharacterized protein OS=Pocillopora damicornis OX=46731 GN=pdam_00012336 PE=4 SV=1
A0A3M6V547|A0A3M6V547_9CNID	33.333	282	167	9	2.81e-33	144	Uncharacterized protein OS=Pocillopora damicornis OX=46731 GN=pdam_00007571 PE=4 SV=1
A0A3M6UK88|A0A3M6UK88_9CNID	31.176	340	177	11	3.65e-33	137	Uncharacterized protein OS=Pocillopora damicornis OX=46731 GN=pdam_00013168 PE=4 SV=1
Nematostella_XP_032226864.1	27.273	462	313	13	8.50e-33	139	N/A
A0A3M6U7W7|A0A3M6U7W7_9CNID	31.933	357	203	12	1.03e-32	142	Uncharacterized protein OS=Pocillopora damicornis OX=46731 GN=pdam_00002991 PE=4 SV=1
A0A3M6TXG5|A0A3M6TXG5_9CNID	30.857	350	169	15	3.22e-32	140	Uncharacterized protein OS=Pocillopora damicornis OX=46731 GN=pdam_00017703 PE=3 SV=1
Nematostella_XP_032219724.1	30.925	346	200	15	4.51e-32	140	N/A
Nematostella_XP_032235400.1	33.333	324	188	13	4.74e-32	140	N/A
A0A3M6TH07|A0A3M6TH07_9CNID	30.159	315	197	10	4.79e-32	135	Uncharacterized protein OS=Pocillopora damicornis OX=46731 GN=pdam_00022011 PE=4 SV=1
Nematostella_XP_032238898.1	26.570	414	249	13	6.20e-32	140	N/A
Nematostella_XP_032228825.1	28.913	460	287	20	9.75e-32	138	N/A
A0A3M6UAY1|A0A3M6UAY1_9CNID	29.483	329	202	12	1.08e-31	132	Uncharacterized protein OS=Pocillopora damicornis OX=46731 GN=pdam_00003189 PE=4 SV=1
Nematostella_XP_032218391.1	27.650	434	224	13	1.12e-31	134	N/A
Nematostella_XP_032222167.1	32.595	316	191	10	1.59e-31	138	N/A
P12259|FA5_HUMAN	33.535	331	192	13	1.69e-31	138	Coagulation factor V OS=Homo sapiens (Human) OX=9606 GN=F5 PE=1 SV=4
Q08431|MFGM_HUMAN	28.045	353	222	14	6.25e-31	129	Lactadherin OS=Homo sapiens (Human) OX=9606 GN=MFGE8 PE=1 SV=3
Nematostella_XP_001625503.2	32.975	279	170	13	8.01e-31	127	N/A
A0A3M6TAC1|A0A3M6TAC1_9CNID	29.762	336	194	11	1.98e-30	135	Uncharacterized protein OS=Pocillopora damicornis OX=46731 GN=pdam_00005510 PE=3 SV=1
Nematostella_XP_032222987.1	33.232	328	177	15	3.38e-30	129	N/A
W4XBA6|W4XBA6_STRPU	29.538	325	191	10	4.30e-30	126	Uncharacterized protein OS=Strongylocentrotus purpuratus (Purple sea urchin) OX=7668 GN=SPU_000653 PE=4 SV=1
W4Z5T3|W4Z5T3_STRPU	32.095	296	177	9	6.30e-30	132	Uncharacterized protein OS=Strongylocentrotus purpuratus (Purple sea urchin) OX=7668 GN=SPU_023488 PE=4 SV=1
W4ZHZ3|W4ZHZ3_STRPU	33.992	253	141	9	7.16e-30	122	Uncharacterized protein OS=Strongylocentrotus purpuratus (Purple sea urchin) OX=7668 GN=SPU_027806 PE=4 SV=1
Nematostella_XP_032221348.1	31.935	310	189	9	8.22e-30	130	N/A
A0A3M6UCX4|A0A3M6UCX4_9CNID	32.026	306	179	12	2.21e-29	127	Uncharacterized protein OS=Pocillopora damicornis OX=46731 GN=pdam_00010324 PE=4 SV=1
A0A3M6UZU0|A0A3M6UZU0_9CNID	31.186	295	181	11	3.18e-29	130	Uncharacterized protein OS=Pocillopora damicornis OX=46731 GN=pdam_00007735 PE=4 SV=1
A0A3M6UCZ0|A0A3M6UCZ0_9CNID	33.624	229	131	6	5.27e-29	119	Uncharacterized protein OS=Pocillopora damicornis OX=46731 GN=pdam_00010331 PE=4 SV=1
A0A3M6TE14|A0A3M6TE14_9CNID	32.209	326	198	14	5.36e-29	129	Uncharacterized protein OS=Pocillopora damicornis OX=46731 GN=pdam_00006095 PE=4 SV=1
Nematostella_XP_032228863.1	24.444	495	331	18	5.61e-29	129	N/A
Nematostella_XP_032239678.1	31.395	258	160	8	6.29e-29	129	N/A
A0A3M6TBV6|A0A3M6TBV6_9CNID	33.333	303	171	12	7.40e-29	128	Uncharacterized protein OS=Pocillopora damicornis OX=46731 GN=pdam_00022995 PE=4 SV=1
A0A3M6TE33|A0A3M6TE33_9CNID	31.975	319	201	13	7.58e-29	130	Uncharacterized protein OS=Pocillopora damicornis OX=46731 GN=pdam_00006100 PE=4 SV=1
W4XG84|W4XG84_STRPU	22.126	1157	694	48	7.83e-29	129	Uncharacterized protein OS=Strongylocentrotus purpuratus (Purple sea urchin) OX=7668 GN=SPU_002398 PE=3 SV=1
A0A3M6U589|A0A3M6U589_9CNID	24.871	583	323	21	8.99e-29	129	Uncharacterized protein OS=Pocillopora damicornis OX=46731 GN=pdam_00001590 PE=4 SV=1
A0A3M6UES9|A0A3M6UES9_9CNID	31.481	324	197	12	9.02e-29	129	Uncharacterized protein OS=Pocillopora damicornis OX=46731 GN=pdam_00019067 PE=4 SV=1
A0A3M6TQD4|A0A3M6TQD4_9CNID	31.159	276	160	13	9.29e-29	129	Uncharacterized protein OS=Pocillopora damicornis OX=46731 GN=pdam_00001892 PE=4 SV=1
Nematostella_XP_001630495.2	26.850	473	303	21	1.39e-28	127	N/A
W4XQA7|W4XQA7_STRPU	31.849	292	158	11	2.53e-28	121	Uncharacterized protein OS=Strongylocentrotus purpuratus (Purple sea urchin) OX=7668 GN=SPU_005596 PE=4 SV=1
Nematostella_XP_032236210.1	25.330	379	239	13	2.57e-28	122	N/A
Nematostella_XP_032218074.1	32.432	333	181	15	3.15e-28	127	N/A
Nematostella_XP_032222850.1	30.211	331	191	11	4.68e-28	127	N/A
A0A3M6TDS9|A0A3M6TDS9_9CNID	26.875	480	292	20	5.52e-28	126	Uncharacterized protein OS=Pocillopora damicornis OX=46731 GN=pdam_00006094 PE=4 SV=1
W4XMQ5|W4XMQ5_STRPU	30.030	333	188	11	7.67e-28	123	Uncharacterized protein OS=Strongylocentrotus purpuratus (Purple sea urchin) OX=7668 GN=SPU_004686 PE=4 SV=1
A0A3M6TUL9|A0A3M6TUL9_9CNID	32.886	298	182	10	8.04e-28	125	Uncharacterized protein OS=Pocillopora damicornis OX=46731 GN=pdam_00014042 PE=4 SV=1
A0A3M6TYH5|A0A3M6TYH5_9CNID	33.333	210	131	4	9.81e-28	118	Uncharacterized protein OS=Pocillopora damicornis OX=46731 GN=pdam_00000542 PE=4 SV=1
A0A3M6TDY8|A0A3M6TDY8_9CNID	32.500	320	195	14	1.02e-27	125	Uncharacterized protein OS=Pocillopora damicornis OX=46731 GN=pdam_00006097 PE=4 SV=1
A0A3M6TDU9|A0A3M6TDU9_9CNID	30.606	330	198	13	1.05e-27	124	Uncharacterized protein OS=Pocillopora damicornis OX=46731 GN=pdam_00006099 PE=4 SV=1
A0A3M6T7M0|A0A3M6T7M0_9CNID	36.893	206	117	9	1.16e-27	115	Uncharacterized protein OS=Pocillopora damicornis OX=46731 GN=pdam_00022485 PE=4 SV=1
Nematostella_XP_032233157.1	27.010	311	180	9	1.44e-27	120	N/A
A0A3M6TDW9|A0A3M6TDW9_9CNID	30.595	353	220	13	1.53e-27	120	Uncharacterized protein OS=Pocillopora damicornis OX=46731 GN=pdam_00006092 PE=4 SV=1
Nematostella_XP_001638978.2	30.224	268	168	9	1.91e-27	122	N/A
Q95V80|Q95V80_STRPU	34.694	245	136	11	2.35e-27	125	Receptor for egg jelly 3 protein OS=Strongylocentrotus purpuratus (Purple sea urchin) OX=7668 GN=REJ3 PE=2 SV=1
A0A3M6TKE2|A0A3M6TKE2_9CNID	30.519	308	156	9	3.90e-27	121	Uncharacterized protein OS=Pocillopora damicornis OX=46731 GN=pdam_00005599 PE=4 SV=1
W4ZBX9|W4ZBX9_STRPU	29.102	323	196	10	8.31e-27	118	Uncharacterized protein OS=Strongylocentrotus purpuratus (Purple sea urchin) OX=7668 GN=SPU_025663 PE=4 SV=1
O60462|NRP2_HUMAN	28.349	321	207	11	1.18e-26	121	Neuropilin-2 OS=Homo sapiens (Human) OX=9606 GN=NRP2 PE=1 SV=3
Nematostella_XP_032230743.1	31.792	346	182	17	1.57e-26	118	N/A
A0A3M6TG14|A0A3M6TG14_9CNID	32.955	264	155	11	2.22e-26	119	Uncharacterized protein OS=Pocillopora damicornis OX=46731 GN=pdam_00014357 PE=4 SV=1
Nematostella_XP_032225629.1	34.685	222	135	5	2.55e-26	112	N/A
W4XJK1|W4XJK1_STRPU	31.546	317	184	12	3.27e-26	118	Uncharacterized protein OS=Strongylocentrotus purpuratus (Purple sea urchin) OX=7668 GN=SPU_003577 PE=4 SV=1
W4YRR8|W4YRR8_STRPU	30.690	290	162	10	3.49e-26	113	Uncharacterized protein OS=Strongylocentrotus purpuratus (Purple sea urchin) OX=7668 GN=SPU_018501 PE=4 SV=1
W4Y2V0|W4Y2V0_STRPU	27.171	357	201	10	1.82e-25	113	Uncharacterized protein OS=Strongylocentrotus purpuratus (Purple sea urchin) OX=7668 GN=SPU_010034 PE=4 SV=1
Nematostella_XP_001639582.2	23.377	462	326	13	1.85e-25	117	N/A
A0A3M6U5L9|A0A3M6U5L9_9CNID	25.219	456	309	11	1.87e-25	115	Uncharacterized protein OS=Pocillopora damicornis OX=46731 GN=pdam_00008303 PE=4 SV=1
W4YB28|W4YB28_STRPU	29.661	354	226	14	1.93e-25	118	Uncharacterized protein OS=Strongylocentrotus purpuratus (Purple sea urchin) OX=7668 GN=SPU_012951 PE=4 SV=1
W4Y9H1|W4Y9H1_STRPU	25.873	487	298	20	2.63e-25	118	Uncharacterized protein OS=Strongylocentrotus purpuratus (Purple sea urchin) OX=7668 GN=SPU_012383 PE=4 SV=1
W4XG80|W4XG80_STRPU	32.751	229	118	9	1.11e-24	113	Uncharacterized protein OS=Strongylocentrotus purpuratus (Purple sea urchin) OX=7668 GN=SPU_002394 PE=4 SV=1
W4YAT5|W4YAT5_STRPU	25.285	613	310	29	1.11e-24	116	Uncharacterized protein OS=Strongylocentrotus purpuratus (Purple sea urchin) OX=7668 GN=SPU_012855 PE=4 SV=1
Nematostella_XP_032228413.1	37.576	165	101	1	1.78e-24	115	N/A
Nematostella_XP_032228939.1	38.690	168	88	5	1.80e-24	108	N/A
W4ZIS5|W4ZIS5_STRPU	31.022	274	169	10	2.60e-24	113	Uncharacterized protein OS=Strongylocentrotus purpuratus (Purple sea urchin) OX=7668 GN=SPU_028091 PE=4 SV=1
W4YL67|W4YL67_STRPU	28.060	335	195	10	2.74e-24	110	Uncharacterized protein OS=Strongylocentrotus purpuratus (Purple sea urchin) OX=7668 GN=SPU_016535 PE=4 SV=1
Nematostella_XP_032238979.1	37.423	163	89	3	4.52e-24	106	N/A
A0A3M6UUQ7|A0A3M6UUQ7_9CNID	24.242	429	254	10	5.19e-24	113	Uncharacterized protein OS=Pocillopora damicornis OX=46731 GN=pdam_00021306 PE=4 SV=1
Nematostella_XP_032236784.1	27.178	287	190	7	6.76e-24	105	N/A
Nematostella_XP_001619917.2	30.622	209	130	6	8.10e-24	103	N/A
W4YVK8|W4YVK8_STRPU	36.585	205	117	6	1.13e-23	110	Uncharacterized protein OS=Strongylocentrotus purpuratus (Purple sea urchin) OX=7668 GN=SPU_019860 PE=4 SV=1
W4XUJ6|W4XUJ6_STRPU	37.297	185	103	4	1.24e-23	103	F5/8 type C domain-containing protein OS=Strongylocentrotus purpuratus (Purple sea urchin) OX=7668 GN=SPU_007100 PE=4 SV=1
Nematostella_XP_001628603.2	29.452	292	185	9	1.27e-23	109	N/A
W4Z9G1|W4Z9G1_STRPU	27.019	322	202	11	1.27e-23	112	Uncharacterized protein OS=Strongylocentrotus purpuratus (Purple sea urchin) OX=7668 GN=SPU_024786 PE=4 SV=1
W4XK50|W4XK50_STRPU	26.485	404	213	14	1.48e-23	110	Uncharacterized protein OS=Strongylocentrotus purpuratus (Purple sea urchin) OX=7668 GN=SPU_003776 PE=4 SV=1
O14786|NRP1_HUMAN	30.211	331	204	14	1.68e-23	111	Neuropilin-1 OS=Homo sapiens (Human) OX=9606 GN=NRP1 PE=1 SV=3
A0A3M6UCH5|A0A3M6UCH5_9CNID	40.260	154	84	4	1.75e-23	104	F5/8 type C domain-containing protein OS=Pocillopora damicornis OX=46731 GN=pdam_00022284 PE=4 SV=1
A0A3M6URA4|A0A3M6URA4_9CNID	38.272	162	85	5	1.94e-23	112	F5/8 type C domain-containing protein OS=Pocillopora damicornis OX=46731 GN=pdam_00011678 PE=4 SV=1
A0A3M6UEL5|A0A3M6UEL5_9CNID	25.795	283	189	9	2.07e-23	110	Uncharacterized protein OS=Pocillopora damicornis OX=46731 GN=pdam_00018484 PE=4 SV=1
A0A3M6UK76|A0A3M6UK76_9CNID	24.695	328	215	12	2.21e-23	111	Uncharacterized protein OS=Pocillopora damicornis OX=46731 GN=pdam_00013141 PE=4 SV=1
W4XUJ7|W4XUJ7_STRPU	37.297	185	103	4	2.46e-23	102	F5/8 type C domain-containing protein OS=Strongylocentrotus purpuratus (Purple sea urchin) OX=7668 GN=SPU_007101 PE=4 SV=1
Nematostella_XP_001629950.2	39.412	170	94	4	2.90e-23	107	N/A
W4Y8F2|W4Y8F2_STRPU	28.704	324	156	9	3.20e-23	104	Uncharacterized protein OS=Strongylocentrotus purpuratus (Purple sea urchin) OX=7668 GN=SPU_012011 PE=4 SV=1
W4XE26|W4XE26_STRPU	37.297	185	103	4	3.24e-23	102	F5/8 type C domain-containing protein OS=Strongylocentrotus purpuratus (Purple sea urchin) OX=7668 GN=SPU_001636 PE=4 SV=1
A0A3M6U0Q1|A0A3M6U0Q1_9CNID	30.137	292	130	10	4.74e-23	109	Uncharacterized protein OS=Pocillopora damicornis OX=46731 GN=pdam_00024748 PE=4 SV=1
W4XN92|W4XN92_STRPU	27.660	329	201	11	5.39e-23	106	Uncharacterized protein OS=Strongylocentrotus purpuratus (Purple sea urchin) OX=7668 GN=SPU_004871 PE=4 SV=1
A0A3M6UGI6|A0A3M6UGI6_9CNID	36.364	187	105	4	6.26e-23	105	Metalloendopeptidase OS=Pocillopora damicornis OX=46731 GN=pdam_00019285 PE=4 SV=1
Nematostella_XP_001630115.2	39.877	163	90	5	8.23e-23	102	N/A
Nematostella_XP_032232301.1	27.336	289	172	10	1.31e-22	103	N/A
A0A3M6TWU3|A0A3M6TWU3_9CNID	42.857	147	77	4	1.35e-22	108	Uncharacterized protein OS=Pocillopora damicornis OX=46731 GN=pdam_00004149 PE=4 SV=1
A0A3M6UC74|A0A3M6UC74_9CNID	33.816	207	116	6	1.93e-22	105	F5/8 type C domain-containing protein OS=Pocillopora damicornis OX=46731 GN=pdam_00022283 PE=4 SV=1
W4XXD8|W4XXD8_STRPU	25.076	331	205	8	2.21e-22	103	Uncharacterized protein OS=Strongylocentrotus purpuratus (Purple sea urchin) OX=7668 GN=SPU_008100 PE=4 SV=1
Nematostella_XP_032228379.1	26.705	352	211	13	2.24e-22	108	N/A
Nematostella_XP_032234139.1	29.795	292	179	8	2.46e-22	101	N/A
Nematostella_XP_032230586.1	35.260	173	101	3	2.90e-22	107	N/A
A0A3M6URP0|A0A3M6URP0_9CNID	35.256	156	97	3	3.97e-22	98.2	F5/8 type C domain-containing protein OS=Pocillopora damicornis OX=46731 GN=pdam_00021642 PE=4 SV=1
A0A3M6U5N1|A0A3M6U5N1_9CNID	25.771	454	284	16	4.17e-22	106	Uncharacterized protein OS=Pocillopora damicornis OX=46731 GN=pdam_00008299 PE=4 SV=1
Nematostella_XP_001637522.2	36.306	157	93	4	5.11e-22	100	N/A
A0A3M6TJH5|A0A3M6TJH5_9CNID	28.041	296	170	13	5.46e-22	103	Uncharacterized protein OS=Pocillopora damicornis OX=46731 GN=pdam_00008662 PE=4 SV=1
W4XFU5|W4XFU5_STRPU	37.714	175	93	6	5.61e-22	99.4	Uncharacterized protein OS=Strongylocentrotus purpuratus (Purple sea urchin) OX=7668 GN=SPU_002258 PE=4 SV=1
W4YWY0|W4YWY0_STRPU	39.773	176	88	6	6.48e-22	99.0	Uncharacterized protein OS=Strongylocentrotus purpuratus (Purple sea urchin) OX=7668 GN=SPU_020340 PE=4 SV=1
Nematostella_XP_032226484.1	35.669	157	94	4	6.73e-22	99.8	N/A
A0A3M6UBT8|A0A3M6UBT8_9CNID	34.194	155	101	1	7.07e-22	97.1	F5/8 type C domain-containing protein OS=Pocillopora damicornis OX=46731 GN=pdam_00015790 PE=4 SV=1
Nematostella_XP_032235154.1	37.037	162	96	4	9.12e-22	99.0	N/A
Nematostella_XP_032231108.1	34.270	178	114	3	9.30e-22	99.0	N/A
W4Y011|W4Y011_STRPU	28.226	372	218	13	1.00e-21	103	Uncharacterized protein OS=Strongylocentrotus purpuratus (Purple sea urchin) OX=7668 GN=SPU_009033 PE=4 SV=1
A0A3M6T9R1|A0A3M6T9R1_9CNID	38.667	150	85	3	1.07e-21	104	F5/8 type C domain-containing protein OS=Pocillopora damicornis OX=46731 GN=pdam_00003073 PE=4 SV=1
A0A3M6TQJ5|A0A3M6TQJ5_9CNID	28.159	277	153	8	1.13e-21	99.8	Uncharacterized protein OS=Pocillopora damicornis OX=46731 GN=pdam_00025671 PE=4 SV=1
A0A3M6V0Y3|A0A3M6V0Y3_9CNID	38.854	157	87	3	1.19e-21	105	Metalloendopeptidase OS=Pocillopora damicornis OX=46731 GN=pdam_00003615 PE=4 SV=1
W4XN38|W4XN38_STRPU	24.935	385	227	16	1.33e-21	101	Uncharacterized protein OS=Strongylocentrotus purpuratus (Purple sea urchin) OX=7668 GN=SPU_004818 PE=4 SV=1
Nematostella_XP_032225168.1	37.870	169	88	6	1.73e-21	98.2	N/A
W4Z3G3|W4Z3G3_STRPU	40.523	153	78	4	2.20e-21	99.4	Uncharacterized protein OS=Strongylocentrotus purpuratus (Purple sea urchin) OX=7668 GN=SPU_022661 PE=4 SV=1
A0A3M6U767|A0A3M6U767_9CNID	30.921	304	182	13	2.24e-21	104	Uncharacterized protein OS=Pocillopora damicornis OX=46731 GN=pdam_00023892 PE=4 SV=1
A0A3M6U2B4|A0A3M6U2B4_9CNID	35.533	197	98	6	2.84e-21	100	Uncharacterized protein OS=Pocillopora damicornis OX=46731 GN=pdam_00012335 PE=4 SV=1
A0A3M6UY37|A0A3M6UY37_9CNID	35.758	165	101	3	2.88e-21	104	Uncharacterized protein OS=Pocillopora damicornis OX=46731 GN=pdam_00006412 PE=4 SV=1
Nematostella_XP_032229231.1	36.424	151	89	4	2.93e-21	94.4	N/A
Nematostella_XP_032226610.1	26.113	337	226	11	3.33e-21	104	N/A
A0A3M6TLY8|A0A3M6TLY8_9CNID	37.143	175	95	4	3.66e-21	104	Uncharacterized protein OS=Pocillopora damicornis OX=46731 GN=pdam_00004907 PE=3 SV=1
Nematostella_XP_001619948.2	38.255	149	87	4	3.96e-21	94.0	N/A
Q9H2X3|CLC4M_HUMAN	39.098	133	69	5	4.19e-21	100	C-type lectin domain family 4 member M OS=Homo sapiens (Human) OX=9606 GN=CLEC4M PE=1 SV=1
Nematostella_XP_001632872.2	37.576	165	87	5	5.27e-21	98.2	N/A
W4Y7X2|W4Y7X2_STRPU	26.455	378	219	16	7.00e-21	101	Uncharacterized protein OS=Strongylocentrotus purpuratus (Purple sea urchin) OX=7668 GN=SPU_011829 PE=4 SV=1
A0A3M6UKV3|A0A3M6UKV3_9CNID	25.627	359	230	12	8.07e-21	102	Uncharacterized protein OS=Pocillopora damicornis OX=46731 GN=pdam_00013642 PE=4 SV=1
W4Z1Q2|W4Z1Q2_STRPU	25.959	339	203	10	9.05e-21	99.4	Uncharacterized protein OS=Strongylocentrotus purpuratus (Purple sea urchin) OX=7668 GN=SPU_022044 PE=4 SV=1
Nematostella_XP_001627199.2	34.118	170	102	5	9.75e-21	100	N/A
Nematostella_XP_032235561.1	27.986	293	185	10	1.00e-20	100	N/A
Nematostella_XP_032230415.1	39.264	163	82	5	1.10e-20	103	N/A
W4Y315|W4Y315_STRPU	40.441	136	68	4	1.26e-20	92.8	C-type lectin domain-containing protein OS=Strongylocentrotus purpuratus (Purple sea urchin) OX=7668 GN=SPU_010101 PE=4 SV=1
Nematostella_XP_032217815.1	35.032	157	94	4	1.32e-20	96.3	N/A
W4ZB03|W4ZB03_STRPU	30.634	284	168	11	1.50e-20	101	Uncharacterized protein OS=Strongylocentrotus purpuratus (Purple sea urchin) OX=7668 GN=SPU_025331 PE=4 SV=1
Q9NNX6|CD209_HUMAN	40.146	137	70	7	1.73e-20	98.6	CD209 antigen OS=Homo sapiens (Human) OX=9606 GN=CD209 PE=1 SV=1
A0A3M6UTD0|A0A3M6UTD0_9CNID	37.059	170	96	5	1.76e-20	98.2	Metalloendopeptidase OS=Pocillopora damicornis OX=46731 GN=pdam_00011079 PE=4 SV=1
A0A3M6V4Y5|A0A3M6V4Y5_9CNID	35.849	159	100	2	2.03e-20	102	Uncharacterized protein OS=Pocillopora damicornis OX=46731 GN=pdam_00007577 PE=3 SV=1
W4XCS7|W4XCS7_STRPU	29.719	249	138	8	2.05e-20	95.1	Uncharacterized protein OS=Strongylocentrotus purpuratus (Purple sea urchin) OX=7668 GN=SPU_001182 PE=4 SV=1
W4XUD6|W4XUD6_STRPU	31.692	325	182	13	2.40e-20	99.4	Uncharacterized protein OS=Strongylocentrotus purpuratus (Purple sea urchin) OX=7668 GN=SPU_007039 PE=4 SV=1
Nematostella_XP_032232636.1	23.009	339	216	8	2.45e-20	99.8	N/A
A0A3M6UK62|A0A3M6UK62_9CNID	40.260	154	81	4	2.48e-20	91.7	F5/8 type C domain-containing protein OS=Pocillopora damicornis OX=46731 GN=pdam_00013164 PE=4 SV=1
A0A3M6UMV7|A0A3M6UMV7_9CNID	26.241	282	178	6	2.55e-20	99.4	Uncharacterized protein OS=Pocillopora damicornis OX=46731 GN=pdam_00016161 PE=4 SV=1
Nematostella_XP_032225011.1	30.909	275	161	11	2.56e-20	100	N/A
Nematostella_XP_032224031.1	37.500	152	87	5	2.63e-20	91.7	N/A
Nematostella_XP_032243311.1	34.000	150	91	3	2.76e-20	101	N/A
W4XFP3|W4XFP3_STRPU	26.861	309	184	13	2.79e-20	95.9	Uncharacterized protein OS=Strongylocentrotus purpuratus (Purple sea urchin) OX=7668 GN=SPU_002207 PE=4 SV=1
W4YRB5|W4YRB5_STRPU	38.650	163	92	4	3.08e-20	100	Uncharacterized protein OS=Strongylocentrotus purpuratus (Purple sea urchin) OX=7668 GN=SPU_018348 PE=3 SV=1
Nematostella_XP_001622986.2	37.267	161	90	3	3.13e-20	94.4	N/A
Nematostella_XP_032237785.1	36.527	167	101	3	3.43e-20	101	N/A
A0A3M6UST6|A0A3M6UST6_9CNID	39.597	149	88	2	3.50e-20	100	Uncharacterized protein OS=Pocillopora damicornis OX=46731 GN=pdam_00025208 PE=3 SV=1
Nematostella_XP_001634630.2	36.000	150	85	4	3.75e-20	92.4	N/A
Nematostella_XP_001640652.2	31.579	266	141	12	4.17e-20	99.0	N/A
Nematostella_XP_032222993.1	33.505	194	99	6	4.25e-20	100	N/A
A0A3M6U6F3|A0A3M6U6F3_9CNID	39.877	163	92	5	4.52e-20	100	Uncharacterized protein OS=Pocillopora damicornis OX=46731 GN=pdam_00003913 PE=4 SV=1
Nematostella_XP_032233530.1	34.940	166	91	5	4.61e-20	95.5	N/A
A0A3M6TDQ7|A0A3M6TDQ7_9CNID	38.889	144	82	5	5.08e-20	90.9	F5/8 type C domain-containing protein OS=Pocillopora damicornis OX=46731 GN=pdam_00006091 PE=4 SV=1
O14594|NCAN_HUMAN	36.154	130	75	4	6.30e-20	100	Neurocan core protein OS=Homo sapiens (Human) OX=9606 GN=NCAN PE=1 SV=3
Nematostella_XP_032220228.1	37.179	156	87	5	7.86e-20	99.4	N/A
W4Y314|W4Y314_STRPU	40.000	135	72	4	7.93e-20	90.5	C-type lectin domain-containing protein OS=Strongylocentrotus purpuratus (Purple sea urchin) OX=7668 GN=SPU_010100 PE=4 SV=1
Nematostella_XP_001624268.2	33.929	168	106	4	8.39e-20	90.9	N/A
Nematostella_XP_032240806.1	26.852	324	208	12	8.45e-20	98.2	N/A
A0A3M6U8B4|A0A3M6U8B4_9CNID	33.108	148	93	3	8.47e-20	90.5	F5/8 type C domain-containing protein OS=Pocillopora damicornis OX=46731 GN=pdam_00019767 PE=4 SV=1
W4Z5T2|W4Z5T2_STRPU	30.556	252	152	10	8.66e-20	99.8	Uncharacterized protein OS=Strongylocentrotus purpuratus (Purple sea urchin) OX=7668 GN=SPU_023487 PE=4 SV=1
Nematostella_XP_032217816.1	35.294	153	93	4	8.89e-20	90.1	N/A
Nematostella_XP_032232488.1	34.375	160	90	5	9.76e-20	94.4	N/A
Nematostella_XP_032225787.1	34.375	160	90	5	9.76e-20	94.4	N/A
Nematostella_XP_032226495.1	34.641	153	94	4	1.03e-19	90.1	N/A
A0A3M6TDS4|A0A3M6TDS4_9CNID	35.503	169	93	5	1.07e-19	99.4	Uncharacterized protein OS=Pocillopora damicornis OX=46731 GN=pdam_00006090 PE=4 SV=1
P16112|PGCA_HUMAN	35.606	132	75	4	1.18e-19	99.8	Aggrecan core protein OS=Homo sapiens (Human) OX=9606 GN=ACAN PE=1 SV=3
Nematostella_XP_001625336.2	37.500	152	87	5	1.23e-19	95.5	N/A
Nematostella_XP_001635782.2	22.474	485	316	20	1.23e-19	99.4	N/A
W4XXI2|W4XXI2_STRPU	26.531	343	199	12	1.45e-19	97.4	Uncharacterized protein OS=Strongylocentrotus purpuratus (Purple sea urchin) OX=7668 GN=SPU_008145 PE=4 SV=1
Nematostella_XP_032229966.1	35.897	156	89	5	1.59e-19	94.7	N/A
Nematostella_XP_001638142.2	35.897	156	88	4	1.61e-19	99.0	N/A
Nematostella_XP_032229241.1	36.842	152	87	5	1.65e-19	89.4	N/A
A0A3M6V0Y5|A0A3M6V0Y5_9CNID	38.272	162	90	6	2.06e-19	98.2	Metalloendopeptidase OS=Pocillopora damicornis OX=46731 GN=pdam_00003613 PE=4 SV=1
A0A3M6TP99|A0A3M6TP99_9CNID	32.692	156	97	2	2.07e-19	96.3	Uncharacterized protein OS=Pocillopora damicornis OX=46731 GN=pdam_00014547 PE=4 SV=1
W4Y9A9|W4Y9A9_STRPU	22.093	602	350	19	2.10e-19	98.2	Uncharacterized protein OS=Strongylocentrotus purpuratus (Purple sea urchin) OX=7668 GN=SPU_012322 PE=4 SV=1
W4YUE2|W4YUE2_STRPU	22.472	534	299	20	2.40e-19	98.6	Uncharacterized protein OS=Strongylocentrotus purpuratus (Purple sea urchin) OX=7668 GN=SPU_019437 PE=4 SV=1
Nematostella_XP_001625830.1	35.762	151	90	4	2.46e-19	89.0	N/A
A0A3M6TBY0|A0A3M6TBY0_9CNID	31.839	223	129	8	2.83e-19	91.3	Uncharacterized protein OS=Pocillopora damicornis OX=46731 GN=pdam_00022996 PE=4 SV=1
Nematostella_XP_032227011.1	37.662	154	92	4	2.83e-19	89.4	N/A
Nematostella_XP_032235163.1	37.778	135	74	4	2.84e-19	91.3	N/A
Nematostella_XP_001619996.2	37.778	135	74	4	2.84e-19	91.3	N/A
A0A3M6TN00|A0A3M6TN00_9CNID	35.000	140	84	5	3.04e-19	88.2	Uncharacterized protein OS=Pocillopora damicornis OX=46731 GN=pdam_00025957 PE=4 SV=1
A0A3M6TSH5|A0A3M6TSH5_9CNID	37.654	162	88	7	3.12e-19	90.5	Uncharacterized protein OS=Pocillopora damicornis OX=46731 GN=pdam_00005268 PE=4 SV=1
Nematostella_XP_032232564.1	38.931	131	71	4	3.84e-19	89.7	N/A
W4Y432|W4Y432_STRPU	27.178	287	169	11	4.10e-19	94.0	Uncharacterized protein OS=Strongylocentrotus purpuratus (Purple sea urchin) OX=7668 GN=SPU_010470 PE=4 SV=1
W4XCC2|W4XCC2_STRPU	25.956	366	211	13	4.24e-19	97.1	Uncharacterized protein OS=Strongylocentrotus purpuratus (Purple sea urchin) OX=7668 GN=SPU_001027 PE=4 SV=1
W4XHG4|W4XHG4_STRPU	26.316	399	229	15	4.80e-19	95.9	Uncharacterized protein OS=Strongylocentrotus purpuratus (Purple sea urchin) OX=7668 GN=SPU_002834 PE=4 SV=1
W4XP54|W4XP54_STRPU	36.842	152	86	3	4.84e-19	88.2	F5/8 type C domain-containing protein OS=Strongylocentrotus purpuratus (Purple sea urchin) OX=7668 GN=SPU_005189 PE=4 SV=1
Nematostella_XP_001634927.2	36.424	151	92	4	5.18e-19	87.8	N/A
W4X9Y1|W4X9Y1_STRPU	38.312	154	80	5	5.54e-19	94.0	Uncharacterized protein OS=Strongylocentrotus purpuratus (Purple sea urchin) OX=7668 GN=SPU_000175 PE=4 SV=1
Nematostella_XP_032235412.1	34.831	178	93	6	5.66e-19	96.3	N/A
A0A3M6TEB0|A0A3M6TEB0_9CNID	35.374	147	90	4	5.70e-19	91.3	F5/8 type C domain-containing protein OS=Pocillopora damicornis OX=46731 GN=pdam_00006098 PE=4 SV=1
A0A3M6UQB6|A0A3M6UQB6_9CNID	29.043	303	163	14	5.82e-19	94.4	Uncharacterized protein OS=Pocillopora damicornis OX=46731 GN=pdam_00015513 PE=4 SV=1
A0A3M6T5X9|A0A3M6T5X9_9CNID	35.294	136	82	2	6.27e-19	89.7	Uncharacterized protein OS=Pocillopora damicornis OX=46731 GN=pdam_00000902 PE=4 SV=1
W4Y5L7|W4Y5L7_STRPU	25.157	318	215	10	7.73e-19	96.3	Uncharacterized protein OS=Strongylocentrotus purpuratus (Purple sea urchin) OX=7668 GN=SPU_011014 PE=4 SV=1
A0A3M6V143|A0A3M6V143_9CNID	38.217	157	89	6	7.75e-19	92.0	Uncharacterized protein OS=Pocillopora damicornis OX=46731 GN=pdam_00010509 PE=4 SV=1
Nematostella_XP_032237778.1	35.256	156	91	3	7.86e-19	96.3	N/A
Nematostella_XP_032231390.1	33.953	215	114	10	7.93e-19	91.3	N/A
Q26627|SUREJ_STRPU	28.214	280	160	10	8.59e-19	96.7	Sperm receptor for egg jelly OS=Strongylocentrotus purpuratus (Purple sea urchin) OX=7668 GN=REJ PE=1 SV=1
Nematostella_XP_032220816.1	27.548	363	227	18	8.62e-19	96.7	N/A
A0A3M6TZR6|A0A3M6TZR6_9CNID	34.270	178	98	5	9.13e-19	96.7	Protein-tyrosine-phosphatase OS=Pocillopora damicornis OX=46731 GN=pdam_00020745 PE=4 SV=1
A0A3M6U226|A0A3M6U226_9CNID	33.735	166	98	3	9.19e-19	96.3	Uncharacterized protein OS=Pocillopora damicornis OX=46731 GN=pdam_00019131 PE=4 SV=1
Nematostella_XP_032242730.1	34.146	164	99	3	9.81e-19	95.5	N/A
Nematostella_XP_001629723.2	35.185	162	94	4	1.08e-18	91.7	N/A
Nematostella_XP_032230854.1	40.000	155	75	5	1.23e-18	95.9	N/A
Nematostella_XP_032232588.1	35.099	151	92	2	1.37e-18	96.3	N/A
A0A3M6UM30|A0A3M6UM30_9CNID	33.140	172	98	5	1.38e-18	92.4	F5/8 type C domain-containing protein OS=Pocillopora damicornis OX=46731 GN=pdam_00011544 PE=4 SV=1
W4ZGT8|W4ZGT8_STRPU	24.085	328	197	9	1.59e-18	93.6	Uncharacterized protein OS=Strongylocentrotus purpuratus (Purple sea urchin) OX=7668 GN=SPU_027396 PE=4 SV=1
W4XAF2|W4XAF2_STRPU	27.612	268	156	11	1.94e-18	95.1	Uncharacterized protein OS=Strongylocentrotus purpuratus (Purple sea urchin) OX=7668 GN=SPU_000346 PE=4 SV=1
W4ZCG7|W4ZCG7_STRPU	35.526	152	88	3	1.96e-18	88.6	Uncharacterized protein OS=Strongylocentrotus purpuratus (Purple sea urchin) OX=7668 GN=SPU_025853 PE=4 SV=1
Nematostella_XP_001638066.2	34.337	166	96	5	2.01e-18	90.9	N/A
P13611|CSPG2_HUMAN	35.606	132	73	4	2.15e-18	95.5	Versican core protein OS=Homo sapiens (Human) OX=9606 GN=VCAN PE=1 SV=3
W4YDN0|W4YDN0_STRPU	26.821	302	144	10	2.16e-18	89.4	C-type lectin domain-containing protein OS=Strongylocentrotus purpuratus (Purple sea urchin) OX=7668 GN=SPU_013860 PE=4 SV=1
Nematostella_XP_032227010.1	37.013	154	93	4	2.53e-18	89.0	N/A
A0A3M6T891|A0A3M6T891_9CNID	31.210	157	100	4	2.67e-18	91.3	F5/8 type C domain-containing protein OS=Pocillopora damicornis OX=46731 GN=pdam_00007911 PE=4 SV=1
A0A3M6TWY2|A0A3M6TWY2_9CNID	32.680	153	87	3	3.02e-18	85.9	F5/8 type C domain-containing protein OS=Pocillopora damicornis OX=46731 GN=pdam_00011051 PE=4 SV=1
W4Z7U9|W4Z7U9_STRPU	26.053	380	227	16	3.04e-18	93.2	Uncharacterized protein OS=Strongylocentrotus purpuratus (Purple sea urchin) OX=7668 GN=SPU_024218 PE=4 SV=1
Q8IUX7|AEBP1_HUMAN	36.306	157	91	4	3.10e-18	94.4	Adipocyte enhancer-binding protein 1 OS=Homo sapiens (Human) OX=9606 GN=AEBP1 PE=1 SV=1
Nematostella_XP_001618400.2	28.374	289	160	10	3.67e-18	89.4	N/A
Nematostella_XP_001622845.2	36.313	179	101	6	3.80e-18	89.4	N/A
A0A3M6V6V0|A0A3M6V6V0_9CNID	37.226	137	77	6	3.87e-18	88.6	C-type lectin domain-containing protein OS=Pocillopora damicornis OX=46731 GN=pdam_00003558 PE=4 SV=1
Nematostella_XP_001625572.2	30.636	173	101	5	4.01e-18	94.4	N/A
Nematostella_XP_001628523.2	36.313	179	101	6	4.02e-18	89.4	N/A
Nematostella_XP_032229530.1	30.973	226	140	6	4.27e-18	92.8	N/A
Nematostella_XP_032229230.1	39.103	156	88	5	5.03e-18	89.4	N/A
W4ZEU0|W4ZEU0_STRPU	28.302	318	186	12	5.25e-18	89.7	Uncharacterized protein OS=Strongylocentrotus purpuratus (Purple sea urchin) OX=7668 GN=SPU_026686 PE=4 SV=1
Q96GW7|PGCB_HUMAN	40.152	132	65	6	5.38e-18	93.6	Brevican core protein OS=Homo sapiens (Human) OX=9606 GN=BCAN PE=1 SV=2
W4XCP4|W4XCP4_STRPU	36.242	149	93	2	5.46e-18	92.4	Uncharacterized protein OS=Strongylocentrotus purpuratus (Purple sea urchin) OX=7668 GN=SPU_001149 PE=4 SV=1
Nematostella_XP_032226058.1	37.273	110	67	1	5.79e-18	86.7	N/A
Nematostella_XP_032226412.1	34.254	181	103	4	6.29e-18	93.2	N/A
A0A3M6T4N3|A0A3M6T4N3_9CNID	38.000	150	86	4	6.63e-18	94.0	Uncharacterized protein OS=Pocillopora damicornis OX=46731 GN=pdam_00003813 PE=4 SV=1
Nematostella_XP_001639955.2	26.975	367	224	17	8.13e-18	92.8	N/A
W4XG69|W4XG69_STRPU	33.125	160	91	4	9.40e-18	84.7	C-type lectin domain-containing protein OS=Strongylocentrotus purpuratus (Purple sea urchin) OX=7668 GN=SPU_002383 PE=4 SV=1
Nematostella_XP_032230005.1	36.364	154	90	4	9.67e-18	87.8	N/A
Nematostella_XP_032240461.1	34.545	165	95	6	1.36e-17	88.2	N/A
Nematostella_XP_032225884.1	26.848	257	169	7	1.38e-17	87.8	N/A
Nematostella_XP_032229271.1	37.870	169	91	6	1.45e-17	87.0	N/A
Nematostella_XP_001618520.2	33.557	149	89	4	1.46e-17	91.3	N/A
Nematostella_XP_001622171.2	36.641	131	73	4	1.60e-17	92.0	N/A
W4XPR7|W4XPR7_STRPU	34.437	151	97	2	1.65e-17	85.9	F5/8 type C domain-containing protein OS=Strongylocentrotus purpuratus (Purple sea urchin) OX=7668 GN=SPU_005403 PE=4 SV=1
Nematostella_XP_001636691.2	34.659	176	97	5	2.11e-17	87.8	N/A
Nematostella_XP_032220214.1	37.107	159	89	6	2.29e-17	91.7	N/A
Nematostella_XP_032239199.1	34.302	172	92	4	2.37e-17	87.8	N/A
Nematostella_XP_001633201.2	33.766	154	99	3	2.39e-17	87.0	N/A
Nematostella_XP_032228900.1	33.333	171	99	5	2.71e-17	87.0	N/A
Nematostella_XP_001639198.2	33.728	169	105	4	2.83e-17	87.0	N/A
A0A3M6UL17|A0A3M6UL17_9CNID	33.835	133	82	3	3.11e-17	86.3	Uncharacterized protein OS=Pocillopora damicornis OX=46731 GN=pdam_00013649 PE=4 SV=1
Nematostella_XP_032226493.1	33.742	163	99	6	3.18e-17	84.3	N/A
Nematostella_XP_001626852.1	31.361	169	109	3	3.21e-17	90.5	N/A
Nematostella_XP_001623367.2	30.058	173	102	5	3.35e-17	90.1	N/A
W4YH25|W4YH25_STRPU	25.237	317	174	13	3.57e-17	88.2	Uncharacterized protein OS=Strongylocentrotus purpuratus (Purple sea urchin) OX=7668 GN=SPU_015065 PE=4 SV=1
W4XQN0|W4XQN0_STRPU	31.780	236	123	8	3.86e-17	89.4	Uncharacterized protein OS=Strongylocentrotus purpuratus (Purple sea urchin) OX=7668 GN=SPU_005721 PE=4 SV=1
Nematostella_XP_001619843.2	33.143	175	107	5	4.32e-17	86.7	N/A
Nematostella_XP_032237133.1	35.878	131	74	4	4.41e-17	90.9	N/A
A0A3M6UH95|A0A3M6UH95_9CNID	35.484	155	91	3	4.63e-17	89.7	Uncharacterized protein OS=Pocillopora damicornis OX=46731 GN=pdam_00018253 PE=4 SV=1
W4Z2N5|W4Z2N5_STRPU	32.883	222	122	8	4.73e-17	89.0	Uncharacterized protein OS=Strongylocentrotus purpuratus (Purple sea urchin) OX=7668 GN=SPU_022379 PE=4 SV=1
Nematostella_XP_032224835.1	28.910	211	90	5	4.91e-17	86.3	N/A
W4XIS5|W4XIS5_STRPU	32.095	296	163	11	5.07e-17	89.7	Uncharacterized protein OS=Strongylocentrotus purpuratus (Purple sea urchin) OX=7668 GN=SPU_003300 PE=4 SV=1
A0A3M6UMU8|A0A3M6UMU8_9CNID	31.169	154	98	4	5.29e-17	82.8	F5/8 type C domain-containing protein OS=Pocillopora damicornis OX=46731 GN=pdam_00007251 PE=4 SV=1
Nematostella_XP_032242914.1	34.375	160	92	5	5.30e-17	90.5	N/A
A0A1B0GTE1|A0A1B0GTE1_HUMAN	37.580	157	86	5	5.47e-17	89.0	Contactin-associated protein family member 3C OS=Homo sapiens (Human) OX=9606 GN=CNTNAP3C PE=4 SV=1
Nematostella_XP_032226499.1	31.111	180	92	5	5.52e-17	83.2	N/A
W4XLX0|W4XLX0_STRPU	36.184	152	87	3	5.66e-17	89.0	Uncharacterized protein OS=Strongylocentrotus purpuratus (Purple sea urchin) OX=7668 GN=SPU_004400 PE=4 SV=1
A0A3M6UI89|A0A3M6UI89_9CNID	32.911	158	99	4	6.08e-17	82.4	C-type lectin domain-containing protein OS=Pocillopora damicornis OX=46731 GN=pdam_00025463 PE=4 SV=1
Nematostella_XP_001619318.2	34.759	187	107	7	6.35e-17	85.1	N/A
Nematostella_XP_001625827.2	37.500	160	89	4	6.49e-17	86.3	N/A
Nematostella_XP_001638488.2	29.224	219	139	6	6.82e-17	85.5	N/A
A0A3M6UFL3|A0A3M6UFL3_9CNID	36.486	148	84	5	6.82e-17	89.4	Uncharacterized protein OS=Pocillopora damicornis OX=46731 GN=pdam_00024386 PE=4 SV=1
W4ZFC4|W4ZFC4_STRPU	28.571	322	183	11	6.90e-17	87.8	Uncharacterized protein OS=Strongylocentrotus purpuratus (Purple sea urchin) OX=7668 GN=SPU_026871 PE=4 SV=1
A0A3M6TCS1|A0A3M6TCS1_9CNID	25.461	271	152	9	7.52e-17	85.1	Uncharacterized protein OS=Pocillopora damicornis OX=46731 GN=pdam_00020522 PE=4 SV=1
Nematostella_XP_001623878.2	34.351	131	76	4	7.69e-17	89.7	N/A
A0A3M6U377|A0A3M6U377_9CNID	37.821	156	83	5	7.78e-17	87.4	Uncharacterized protein OS=Pocillopora damicornis OX=46731 GN=pdam_00014706 PE=4 SV=1
Nematostella_XP_001627647.2	37.500	144	85	4	8.05e-17	82.8	N/A
Nematostella_XP_001628521.2	35.503	169	99	5	8.29e-17	85.5	N/A
W4ZAV4|W4ZAV4_STRPU	37.013	154	83	4	9.46e-17	87.0	Uncharacterized protein OS=Strongylocentrotus purpuratus (Purple sea urchin) OX=7668 GN=SPU_025282 PE=4 SV=1
W4ZIR0|W4ZIR0_STRPU	37.255	153	83	5	9.75e-17	84.3	F5/8 type C domain-containing protein OS=Strongylocentrotus purpuratus (Purple sea urchin) OX=7668 GN=SPU_028075 PE=4 SV=1
Q6ZS10|CL17A_HUMAN	35.385	130	76	3	9.92e-17	86.7	C-type lectin domain family 17, member A OS=Homo sapiens (Human) OX=9606 GN=CLEC17A PE=1 SV=2
Nematostella_XP_001621725.1	37.107	159	90	5	1.04e-16	84.3	N/A
A0A3M6T4K1|A0A3M6T4K1_9CNID	37.600	125	73	4	1.06e-16	81.6	Uncharacterized protein OS=Pocillopora damicornis OX=46731 GN=pdam_00021765 PE=4 SV=1
Nematostella_XP_032227346.1	36.025	161	93	6	1.15e-16	85.5	N/A
Nematostella_XP_032224567.1	36.025	161	93	6	1.15e-16	85.5	N/A
Nematostella_XP_032229979.1	36.364	154	90	4	1.19e-16	86.3	N/A
Nematostella_XP_001631031.2	32.530	166	103	3	1.35e-16	89.7	N/A
W4YVN5|W4YVN5_STRPU	30.323	310	155	13	1.45e-16	88.6	Uncharacterized protein OS=Strongylocentrotus purpuratus (Purple sea urchin) OX=7668 GN=SPU_019891 PE=4 SV=1
Nematostella_XP_032223256.1	41.844	141	74	5	1.52e-16	87.8	N/A
W4XKT6|W4XKT6_STRPU	30.201	149	86	4	1.78e-16	82.8	C-type lectin domain-containing protein OS=Strongylocentrotus purpuratus (Purple sea urchin) OX=7668 GN=SPU_004014 PE=4 SV=1
Q5KU26|COL12_HUMAN	33.099	142	80	5	2.21e-16	87.8	Collectin-12 OS=Homo sapiens (Human) OX=9606 GN=COLEC12 PE=1 SV=3
A0A3M6UXN6|A0A3M6UXN6_9CNID	33.571	140	83	3	2.48e-16	87.8	Uncharacterized protein OS=Pocillopora damicornis OX=46731 GN=pdam_00019701 PE=4 SV=1
W4XG96|W4XG96_STRPU	34.416	154	94	3	2.57e-16	85.5	Uncharacterized protein OS=Strongylocentrotus purpuratus (Purple sea urchin) OX=7668 GN=SPU_002410 PE=4 SV=1
Q9BZ76|CNTP3_HUMAN	37.037	162	90	5	2.77e-16	88.2	Contactin-associated protein-like 3 OS=Homo sapiens (Human) OX=9606 GN=CNTNAP3 PE=2 SV=3
W4YAR7|W4YAR7_STRPU	38.406	138	73	6	2.82e-16	84.7	Uncharacterized protein OS=Strongylocentrotus purpuratus (Purple sea urchin) OX=7668 GN=SPU_012837 PE=4 SV=1
Nematostella_XP_001622843.2	35.714	154	93	4	2.85e-16	84.0	N/A
Nematostella_XP_032224128.1	39.041	146	82	5	3.08e-16	79.7	N/A
Nematostella_XP_001634269.2	34.356	163	95	4	3.17e-16	84.0	N/A
A0A3M6T678|A0A3M6T678_9CNID	37.255	153	82	4	3.21e-16	88.2	Uncharacterized protein OS=Pocillopora damicornis OX=46731 GN=pdam_00001040 PE=4 SV=1
Nematostella_XP_001628524.2	35.714	154	93	4	3.28e-16	83.6	N/A
A0A3M6UIL8|A0A3M6UIL8_9CNID	26.061	330	210	14	3.60e-16	87.4	Uncharacterized protein OS=Pocillopora damicornis OX=46731 GN=pdam_00017350 PE=4 SV=1
Nematostella_XP_001621450.2	27.701	361	217	17	3.64e-16	87.4	N/A
Nematostella_XP_001630117.2	36.585	164	95	5	3.78e-16	81.6	N/A
W4Z0S4|W4Z0S4_STRPU	33.083	133	80	3	3.86e-16	84.7	C-type lectin domain-containing protein OS=Strongylocentrotus purpuratus (Purple sea urchin) OX=7668 GN=SPU_021709 PE=4 SV=1
Nematostella_XP_032239858.1	35.294	153	88	4	4.18e-16	79.7	N/A
Q96NU0|CNT3B_HUMAN	35.450	189	108	6	4.26e-16	87.4	Contactin-associated protein-like 3B OS=Homo sapiens (Human) OX=9606 GN=CNTNAP3B PE=2 SV=3
Nematostella_XP_032218944.1	34.463	177	99	6	4.62e-16	81.3	N/A
Nematostella_XP_032223807.1	35.762	151	86	3	4.64e-16	79.7	N/A
W4YVF5|W4YVF5_STRPU	28.897	263	141	14	4.81e-16	87.0	Uncharacterized protein OS=Strongylocentrotus purpuratus (Purple sea urchin) OX=7668 GN=SPU_019805 PE=4 SV=1
Nematostella_XP_032232841.1	28.782	271	152	9	4.88e-16	83.6	N/A
W4YEP0|W4YEP0_STRPU	32.903	155	78	5	5.27e-16	80.1	C-type lectin domain-containing protein OS=Strongylocentrotus purpuratus (Purple sea urchin) OX=7668 GN=SPU_014221 PE=4 SV=1
Nematostella_XP_032223969.1	33.113	151	95	5	6.60e-16	79.3	N/A
Nematostella_XP_001622596.2	31.892	185	107	4	6.79e-16	87.0	N/A
Nematostella_XP_032228598.1	33.065	124	82	1	7.00e-16	78.2	N/A
Nematostella_XP_032220076.1	36.054	147	91	3	8.50e-16	83.2	N/A
W4Z358|W4Z358_STRPU	35.526	152	88	3	8.75e-16	79.3	F5/8 type C domain-containing protein OS=Strongylocentrotus purpuratus (Purple sea urchin) OX=7668 GN=SPU_022555 PE=4 SV=1
Nematostella_XP_032234836.1	30.588	170	109	4	8.87e-16	85.1	N/A
A0A3M6TTE5|A0A3M6TTE5_9CNID	28.934	197	124	5	9.35e-16	85.5	Uncharacterized protein OS=Pocillopora damicornis OX=46731 GN=pdam_00002714 PE=4 SV=1
A0A3M6TIX2|A0A3M6TIX2_9CNID	34.503	171	79	5	9.59e-16	86.7	Uncharacterized protein OS=Pocillopora damicornis OX=46731 GN=pdam_00018331 PE=4 SV=1
Nematostella_XP_032232161.1	34.177	158	92	5	1.03e-15	83.6	N/A
A0A3M6ULB1|A0A3M6ULB1_9CNID	33.333	156	92	5	1.09e-15	84.3	F5/8 type C domain-containing protein OS=Pocillopora damicornis OX=46731 GN=pdam_00012126 PE=4 SV=1
W4Z6F0|W4Z6F0_STRPU	27.647	340	197	18	1.09e-15	85.5	Uncharacterized protein OS=Strongylocentrotus purpuratus (Purple sea urchin) OX=7668 GN=SPU_023714 PE=4 SV=1
W4ZAY8|W4ZAY8_STRPU	27.469	324	171	15	1.16e-15	85.9	Uncharacterized protein OS=Strongylocentrotus purpuratus (Purple sea urchin) OX=7668 GN=SPU_025316 PE=4 SV=1
W4Z9W2|W4Z9W2_STRPU	31.276	243	127	9	1.19e-15	82.4	Uncharacterized protein OS=Strongylocentrotus purpuratus (Purple sea urchin) OX=7668 GN=SPU_024938 PE=4 SV=1
Nematostella_XP_032241549.1	38.312	154	83	6	1.22e-15	82.0	N/A
W4XBT9|W4XBT9_STRPU	30.814	172	90	7	1.22e-15	79.3	C-type lectin domain-containing protein OS=Strongylocentrotus purpuratus (Purple sea urchin) OX=7668 GN=SPU_000839 PE=4 SV=1
A0A3M6TGK4|A0A3M6TGK4_9CNID	32.051	156	96	4	1.22e-15	84.3	Uncharacterized protein OS=Pocillopora damicornis OX=46731 GN=pdam_00025589 PE=4 SV=1
A0A3M6U3J1|A0A3M6U3J1_9CNID	34.868	152	96	2	1.25e-15	81.6	Uncharacterized protein OS=Pocillopora damicornis OX=46731 GN=pdam_00014710 PE=4 SV=1
W4YZE1|W4YZE1_STRPU	28.286	350	179	18	1.26e-15	84.7	Uncharacterized protein OS=Strongylocentrotus purpuratus (Purple sea urchin) OX=7668 GN=SPU_021221 PE=4 SV=1
Nematostella_XP_001638841.2	30.539	167	97	4	1.36e-15	82.4	N/A
A0A3M6TZ76|A0A3M6TZ76_9CNID	32.061	131	79	3	1.49e-15	85.1	Uncharacterized protein OS=Pocillopora damicornis OX=46731 GN=pdam_00015682 PE=4 SV=1
A0A3M6UIG6|A0A3M6UIG6_9CNID	30.872	149	97	2	1.70e-15	85.9	Uncharacterized protein OS=Pocillopora damicornis OX=46731 GN=pdam_00017070 PE=4 SV=1
A0A3M6TVL6|A0A3M6TVL6_9CNID	33.333	159	95	4	1.93e-15	85.1	F5/8 type C domain-containing protein OS=Pocillopora damicornis OX=46731 GN=pdam_00016071 PE=4 SV=1
W4XW45|W4XW45_STRPU	33.533	167	92	5	1.93e-15	78.6	F5/8 type C domain-containing protein OS=Strongylocentrotus purpuratus (Purple sea urchin) OX=7668 GN=SPU_007652 PE=4 SV=1
A0A3M6T5L0|A0A3M6T5L0_9CNID	27.331	311	182	16	2.08e-15	84.3	Uncharacterized protein OS=Pocillopora damicornis OX=46731 GN=pdam_00018777 PE=4 SV=1
W4XDG4|W4XDG4_STRPU	27.511	229	136	7	2.13e-15	82.8	F5/8 type C domain-containing protein OS=Strongylocentrotus purpuratus (Purple sea urchin) OX=7668 GN=SPU_001419 PE=4 SV=1
A0A3M6U4Z9|A0A3M6U4Z9_9CNID	32.903	155	95	5	2.15e-15	81.6	Uncharacterized protein OS=Pocillopora damicornis OX=46731 GN=pdam_00001594 PE=4 SV=1
Nematostella_XP_032228512.1	33.333	159	96	5	2.27e-15	85.5	N/A
P06734|FCER2_HUMAN	38.462	130	71	6	2.35e-15	81.6	Low affinity immunoglobulin epsilon Fc receptor OS=Homo sapiens (Human) OX=9606 GN=FCER2 PE=1 SV=1
Nematostella_XP_001622083.2	25.364	343	203	14	2.46e-15	84.0	N/A
P05451|REG1A_HUMAN	33.846	130	82	4	2.58e-15	77.8	Lithostathine-1-alpha OS=Homo sapiens (Human) OX=9606 GN=REG1A PE=1 SV=3
Nematostella_XP_032243001.1	32.903	155	91	5	2.78e-15	83.6	N/A
Nematostella_XP_032221845.1	39.024	123	62	7	2.84e-15	79.7	N/A
Nematostella_XP_032222134.1	25.726	241	173	5	2.99e-15	84.3	N/A
A0A3M6TG45|A0A3M6TG45_9CNID	31.250	144	92	4	3.10e-15	78.6	Uncharacterized protein OS=Pocillopora damicornis OX=46731 GN=pdam_00017503 PE=4 SV=1
Nematostella_XP_001631046.2	39.216	153	82	5	3.17e-15	80.1	N/A
A0A3M6U9N4|A0A3M6U9N4_9CNID	32.911	158	97	5	3.40e-15	77.4	F5/8 type C domain-containing protein OS=Pocillopora damicornis OX=46731 GN=pdam_00006910 PE=4 SV=1
Nematostella_XP_032242901.1	31.122	196	120	7	3.45e-15	84.3	N/A
W4YD40|W4YD40_STRPU	24.444	360	219	13	3.57e-15	84.3	Uncharacterized protein OS=Strongylocentrotus purpuratus (Purple sea urchin) OX=7668 GN=SPU_013668 PE=4 SV=1
Q6V9R4|Q6V9R4_STRPU	38.095	147	72	8	3.59e-15	84.7	Sperm membrane protein OS=Strongylocentrotus purpuratus (Purple sea urchin) OX=7668 GN=REJ2 PE=2 SV=1
W4YFT8|W4YFT8_STRPU	37.671	146	79	7	3.61e-15	82.8	Uncharacterized protein OS=Strongylocentrotus purpuratus (Purple sea urchin) OX=7668 GN=SPU_014623 PE=4 SV=1
W4XNU6|W4XNU6_STRPU	36.735	147	86	4	3.79e-15	79.0	F5/8 type C domain-containing protein OS=Strongylocentrotus purpuratus (Purple sea urchin) OX=7668 GN=SPU_005078 PE=4 SV=1
W4XUD7|W4XUD7_STRPU	35.135	148	75	5	3.87e-15	77.8	C-type lectin domain-containing protein OS=Strongylocentrotus purpuratus (Purple sea urchin) OX=7668 GN=SPU_007040 PE=4 SV=1
Nematostella_XP_032232796.1	29.299	157	105	2	3.90e-15	84.3	N/A
Nematostella_XP_001626769.2	34.783	161	93	6	3.90e-15	80.9	N/A
Q94887|NRX4_DROME	34.507	142	86	3	4.01e-15	84.3	Neurexin-4 OS=Drosophila melanogaster (Fruit fly) OX=7227 GN=Nrx-IV PE=1 SV=2
W4XR46|W4XR46_STRPU	28.114	281	167	13	4.05e-15	81.6	Uncharacterized protein OS=Strongylocentrotus purpuratus (Purple sea urchin) OX=7668 GN=SPU_005888 PE=4 SV=1
Nematostella_XP_032228864.1	33.750	160	91	6	4.34e-15	78.2	N/A
Nematostella_XP_032241986.1	29.940	167	98	4	4.37e-15	80.9	N/A
Nematostella_XP_032234840.1	28.824	170	112	4	4.68e-15	78.2	N/A
Nematostella_XP_032229645.1	30.000	180	110	4	4.81e-15	84.0	N/A
W4XVW8|W4XVW8_STRPU	32.192	146	89	4	4.87e-15	78.2	C-type lectin domain-containing protein OS=Strongylocentrotus purpuratus (Purple sea urchin) OX=7668 GN=SPU_007576 PE=4 SV=1
W4XGA6|W4XGA6_STRPU	27.063	303	179	16	5.10e-15	83.2	Uncharacterized protein OS=Strongylocentrotus purpuratus (Purple sea urchin) OX=7668 GN=SPU_002420 PE=4 SV=1
W4ZKJ1|W4ZKJ1_STRPU	37.671	146	79	7	5.35e-15	84.0	Uncharacterized protein OS=Strongylocentrotus purpuratus (Purple sea urchin) OX=7668 GN=SPU_028712 PE=4 SV=1
W4XKU1|W4XKU1_STRPU	36.567	134	70	5	6.30e-15	76.6	C-type lectin domain-containing protein OS=Strongylocentrotus purpuratus (Purple sea urchin) OX=7668 GN=SPU_004019 PE=4 SV=1
Nematostella_XP_032229743.1	33.529	170	89	7	6.46e-15	83.6	N/A
A0A3M6TFT9|A0A3M6TFT9_9CNID	31.111	180	96	8	6.77e-15	78.6	Uncharacterized protein OS=Pocillopora damicornis OX=46731 GN=pdam_00014353 PE=4 SV=1
W4XT52|W4XT52_STRPU	35.802	162	92	7	6.88e-15	83.2	Uncharacterized protein OS=Strongylocentrotus purpuratus (Purple sea urchin) OX=7668 GN=SPU_006601 PE=4 SV=1
Nematostella_XP_001641268.2	32.609	184	111	6	6.88e-15	83.6	N/A
W4Z6N1|W4Z6N1_STRPU	36.496	137	77	5	7.10e-15	80.1	Uncharacterized protein OS=Strongylocentrotus purpuratus (Purple sea urchin) OX=7668 GN=SPU_023797 PE=4 SV=1
Q96PD2|DCBD2_HUMAN	36.646	161	87	7	7.13e-15	83.2	Discoidin, CUB and LCCL domain-containing protein 2 OS=Homo sapiens (Human) OX=9606 GN=DCBLD2 PE=1 SV=1
Nematostella_XP_001632358.2	34.839	155	94	5	7.43e-15	83.6	N/A
Nematostella_XP_032227568.1	33.333	138	88	4	7.77e-15	79.0	N/A
A0A3M6U9H6|A0A3M6U9H6_9CNID	35.338	133	74	3	8.04e-15	83.6	Uncharacterized protein OS=Pocillopora damicornis OX=46731 GN=pdam_00006916 PE=4 SV=1
A0A3M6TL45|A0A3M6TL45_9CNID	31.333	150	96	3	8.16e-15	76.6	F5/8 type C domain-containing protein OS=Pocillopora damicornis OX=46731 GN=pdam_00001294 PE=4 SV=1
Nematostella_XP_032232089.1	31.694	183	119	4	8.19e-15	79.7	N/A
A0A3M6UYI3|A0A3M6UYI3_9CNID	32.836	134	84	3	8.98e-15	78.6	Uncharacterized protein OS=Pocillopora damicornis OX=46731 GN=pdam_00019438 PE=4 SV=1
W4YIX0|W4YIX0_STRPU	29.070	172	100	5	9.14e-15	78.6	Uncharacterized protein OS=Strongylocentrotus purpuratus (Purple sea urchin) OX=7668 GN=SPU_015726 PE=4 SV=1
Nematostella_XP_001631483.2	35.404	161	92	6	9.41e-15	81.3	N/A
W4YNT0|W4YNT0_STRPU	35.256	156	83	4	9.62e-15	79.3	Uncharacterized protein OS=Strongylocentrotus purpuratus (Purple sea urchin) OX=7668 GN=SPU_017457 PE=4 SV=1
